[1.389s] Invoking command in '/home/katzchen/Documents/Taller/6DOF-3D-Printed-Robotic-Arm-ROS-2-Computer-Vision-Integration/ROS2_System/ros2_ws/src/robotic_arm_control': PYTHONPATH=/home/katzchen/Documents/Taller/6DOF-3D-Printed-Robotic-Arm-ROS-2-Computer-Vision-Integration/ROS2_System/ros2_ws/build/robotic_arm_control/prefix_override:/usr/lib/python3/dist-packages/colcon_core/task/python/colcon_distutils_commands:/home/katzchen/Documents/Taller/6DOF-3D-Printed-Robotic-Arm-ROS-2-Computer-Vision-Integration/ROS2_System/ros2_ws/install/robotic_arm_control/lib/python3.10/site-packages:${PYTHONPATH} /usr/bin/python3 -W ignore:setup.py install is deprecated -W ignore:easy_install command is deprecated setup.py egg_info --egg-base ../../build/robotic_arm_control build --build-base /home/katzchen/Documents/Taller/6DOF-3D-Printed-Robotic-Arm-ROS-2-Computer-Vision-Integration/ROS2_System/ros2_ws/build/robotic_arm_control/build install --record /home/katzchen/Documents/Taller/6DOF-3D-Printed-Robotic-Arm-ROS-2-Computer-Vision-Integration/ROS2_System/ros2_ws/build/robotic_arm_control/install.log --single-version-externally-managed install_data
[1.933s] running egg_info
[1.935s] writing ../../build/robotic_arm_control/robotic_arm_control.egg-info/PKG-INFO
[1.935s] writing dependency_links to ../../build/robotic_arm_control/robotic_arm_control.egg-info/dependency_links.txt
[1.936s] writing entry points to ../../build/robotic_arm_control/robotic_arm_control.egg-info/entry_points.txt
[1.936s] writing requirements to ../../build/robotic_arm_control/robotic_arm_control.egg-info/requires.txt
[1.937s] writing top-level names to ../../build/robotic_arm_control/robotic_arm_control.egg-info/top_level.txt
[1.940s] reading manifest file '../../build/robotic_arm_control/robotic_arm_control.egg-info/SOURCES.txt'
[1.943s] writing manifest file '../../build/robotic_arm_control/robotic_arm_control.egg-info/SOURCES.txt'
[1.944s] running build
[1.944s] running build_py
[1.944s] copying robotic_arm_control/pubsub.py -> /home/katzchen/Documents/Taller/6DOF-3D-Printed-Robotic-Arm-ROS-2-Computer-Vision-Integration/ROS2_System/ros2_ws/build/robotic_arm_control/build/lib/robotic_arm_control
[1.945s] running install
[1.946s] running install_lib
[1.948s] copying /home/katzchen/Documents/Taller/6DOF-3D-Printed-Robotic-Arm-ROS-2-Computer-Vision-Integration/ROS2_System/ros2_ws/build/robotic_arm_control/build/lib/robotic_arm_control/pubsub.py -> /home/katzchen/Documents/Taller/6DOF-3D-Printed-Robotic-Arm-ROS-2-Computer-Vision-Integration/ROS2_System/ros2_ws/install/robotic_arm_control/lib/python3.10/site-packages/robotic_arm_control
[1.949s] byte-compiling /home/katzchen/Documents/Taller/6DOF-3D-Printed-Robotic-Arm-ROS-2-Computer-Vision-Integration/ROS2_System/ros2_ws/install/robotic_arm_control/lib/python3.10/site-packages/robotic_arm_control/pubsub.py to pubsub.cpython-310.pyc
[1.952s] running install_data
[1.952s] running install_egg_info
[1.957s] removing '/home/katzchen/Documents/Taller/6DOF-3D-Printed-Robotic-Arm-ROS-2-Computer-Vision-Integration/ROS2_System/ros2_ws/install/robotic_arm_control/lib/python3.10/site-packages/robotic_arm_control-0.0.0-py3.10.egg-info' (and everything under it)
[1.958s] Copying ../../build/robotic_arm_control/robotic_arm_control.egg-info to /home/katzchen/Documents/Taller/6DOF-3D-Printed-Robotic-Arm-ROS-2-Computer-Vision-Integration/ROS2_System/ros2_ws/install/robotic_arm_control/lib/python3.10/site-packages/robotic_arm_control-0.0.0-py3.10.egg-info
[1.961s] running install_scripts
[2.002s] Installing pubsub script to /home/katzchen/Documents/Taller/6DOF-3D-Printed-Robotic-Arm-ROS-2-Computer-Vision-Integration/ROS2_System/ros2_ws/install/robotic_arm_control/lib/robotic_arm_control
[2.002s] Installing sub script to /home/katzchen/Documents/Taller/6DOF-3D-Printed-Robotic-Arm-ROS-2-Computer-Vision-Integration/ROS2_System/ros2_ws/install/robotic_arm_control/lib/robotic_arm_control
[2.003s] writing list of installed files to '/home/katzchen/Documents/Taller/6DOF-3D-Printed-Robotic-Arm-ROS-2-Computer-Vision-Integration/ROS2_System/ros2_ws/build/robotic_arm_control/install.log'
[2.052s] Invoked command in '/home/katzchen/Documents/Taller/6DOF-3D-Printed-Robotic-Arm-ROS-2-Computer-Vision-Integration/ROS2_System/ros2_ws/src/robotic_arm_control' returned '0': PYTHONPATH=/home/katzchen/Documents/Taller/6DOF-3D-Printed-Robotic-Arm-ROS-2-Computer-Vision-Integration/ROS2_System/ros2_ws/build/robotic_arm_control/prefix_override:/usr/lib/python3/dist-packages/colcon_core/task/python/colcon_distutils_commands:/home/katzchen/Documents/Taller/6DOF-3D-Printed-Robotic-Arm-ROS-2-Computer-Vision-Integration/ROS2_System/ros2_ws/install/robotic_arm_control/lib/python3.10/site-packages:${PYTHONPATH} /usr/bin/python3 -W ignore:setup.py install is deprecated -W ignore:easy_install command is deprecated setup.py egg_info --egg-base ../../build/robotic_arm_control build --build-base /home/katzchen/Documents/Taller/6DOF-3D-Printed-Robotic-Arm-ROS-2-Computer-Vision-Integration/ROS2_System/ros2_ws/build/robotic_arm_control/build install --record /home/katzchen/Documents/Taller/6DOF-3D-Printed-Robotic-Arm-ROS-2-Computer-Vision-Integration/ROS2_System/ros2_ws/build/robotic_arm_control/install.log --single-version-externally-managed install_data
