running egg_info
creating ../../build/robotic_arm_control/robotic_arm_control.egg-info
writing ../../build/robotic_arm_control/robotic_arm_control.egg-info/PKG-INFO
writing dependency_links to ../../build/robotic_arm_control/robotic_arm_control.egg-info/dependency_links.txt
writing entry points to ../../build/robotic_arm_control/robotic_arm_control.egg-info/entry_points.txt
writing requirements to ../../build/robotic_arm_control/robotic_arm_control.egg-info/requires.txt
writing top-level names to ../../build/robotic_arm_control/robotic_arm_control.egg-info/top_level.txt
writing manifest file '../../build/robotic_arm_control/robotic_arm_control.egg-info/SOURCES.txt'
reading manifest file '../../build/robotic_arm_control/robotic_arm_control.egg-info/SOURCES.txt'
writing manifest file '../../build/robotic_arm_control/robotic_arm_control.egg-info/SOURCES.txt'
running build
running build_py
creating /home/katzchen/Documents/Taller/6DOF-3D-Printed-Robotic-Arm-ROS-2-Computer-Vision-Integration/ROS2_System/ros2_ws/build/robotic_arm_control/build
creating /home/katzchen/Documents/Taller/6DOF-3D-Printed-Robotic-Arm-ROS-2-Computer-Vision-Integration/ROS2_System/ros2_ws/build/robotic_arm_control/build/lib
creating /home/katzchen/Documents/Taller/6DOF-3D-Printed-Robotic-Arm-ROS-2-Computer-Vision-Integration/ROS2_System/ros2_ws/build/robotic_arm_control/build/lib/robotic_arm_control
copying robotic_arm_control/__init__.py -> /home/katzchen/Documents/Taller/6DOF-3D-Printed-Robotic-Arm-ROS-2-Computer-Vision-Integration/ROS2_System/ros2_ws/build/robotic_arm_control/build/lib/robotic_arm_control
copying robotic_arm_control/pubsub.py -> /home/katzchen/Documents/Taller/6DOF-3D-Printed-Robotic-Arm-ROS-2-Computer-Vision-Integration/ROS2_System/ros2_ws/build/robotic_arm_control/build/lib/robotic_arm_control
copying robotic_arm_control/sub.py -> /home/katzchen/Documents/Taller/6DOF-3D-Printed-Robotic-Arm-ROS-2-Computer-Vision-Integration/ROS2_System/ros2_ws/build/robotic_arm_control/build/lib/robotic_arm_control
running install
running install_lib
creating /home/katzchen/Documents/Taller/6DOF-3D-Printed-Robotic-Arm-ROS-2-Computer-Vision-Integration/ROS2_System/ros2_ws/install/robotic_arm_control/lib/python3.10/site-packages/robotic_arm_control
copying /home/katzchen/Documents/Taller/6DOF-3D-Printed-Robotic-Arm-ROS-2-Computer-Vision-Integration/ROS2_System/ros2_ws/build/robotic_arm_control/build/lib/robotic_arm_control/__init__.py -> /home/katzchen/Documents/Taller/6DOF-3D-Printed-Robotic-Arm-ROS-2-Computer-Vision-Integration/ROS2_System/ros2_ws/install/robotic_arm_control/lib/python3.10/site-packages/robotic_arm_control
copying /home/katzchen/Documents/Taller/6DOF-3D-Printed-Robotic-Arm-ROS-2-Computer-Vision-Integration/ROS2_System/ros2_ws/build/robotic_arm_control/build/lib/robotic_arm_control/pubsub.py -> /home/katzchen/Documents/Taller/6DOF-3D-Printed-Robotic-Arm-ROS-2-Computer-Vision-Integration/ROS2_System/ros2_ws/install/robotic_arm_control/lib/python3.10/site-packages/robotic_arm_control
copying /home/katzchen/Documents/Taller/6DOF-3D-Printed-Robotic-Arm-ROS-2-Computer-Vision-Integration/ROS2_System/ros2_ws/build/robotic_arm_control/build/lib/robotic_arm_control/sub.py -> /home/katzchen/Documents/Taller/6DOF-3D-Printed-Robotic-Arm-ROS-2-Computer-Vision-Integration/ROS2_System/ros2_ws/install/robotic_arm_control/lib/python3.10/site-packages/robotic_arm_control
byte-compiling /home/katzchen/Documents/Taller/6DOF-3D-Printed-Robotic-Arm-ROS-2-Computer-Vision-Integration/ROS2_System/ros2_ws/install/robotic_arm_control/lib/python3.10/site-packages/robotic_arm_control/__init__.py to __init__.cpython-310.pyc
byte-compiling /home/katzchen/Documents/Taller/6DOF-3D-Printed-Robotic-Arm-ROS-2-Computer-Vision-Integration/ROS2_System/ros2_ws/install/robotic_arm_control/lib/python3.10/site-packages/robotic_arm_control/pubsub.py to pubsub.cpython-310.pyc
byte-compiling /home/katzchen/Documents/Taller/6DOF-3D-Printed-Robotic-Arm-ROS-2-Computer-Vision-Integration/ROS2_System/ros2_ws/install/robotic_arm_control/lib/python3.10/site-packages/robotic_arm_control/sub.py to sub.cpython-310.pyc
running install_data
creating /home/katzchen/Documents/Taller/6DOF-3D-Printed-Robotic-Arm-ROS-2-Computer-Vision-Integration/ROS2_System/ros2_ws/install/robotic_arm_control/share/ament_index
creating /home/katzchen/Documents/Taller/6DOF-3D-Printed-Robotic-Arm-ROS-2-Computer-Vision-Integration/ROS2_System/ros2_ws/install/robotic_arm_control/share/ament_index/resource_index
creating /home/katzchen/Documents/Taller/6DOF-3D-Printed-Robotic-Arm-ROS-2-Computer-Vision-Integration/ROS2_System/ros2_ws/install/robotic_arm_control/share/ament_index/resource_index/packages
copying resource/robotic_arm_control -> /home/katzchen/Documents/Taller/6DOF-3D-Printed-Robotic-Arm-ROS-2-Computer-Vision-Integration/ROS2_System/ros2_ws/install/robotic_arm_control/share/ament_index/resource_index/packages
copying package.xml -> /home/katzchen/Documents/Taller/6DOF-3D-Printed-Robotic-Arm-ROS-2-Computer-Vision-Integration/ROS2_System/ros2_ws/install/robotic_arm_control/share/robotic_arm_control
running install_egg_info
Copying ../../build/robotic_arm_control/robotic_arm_control.egg-info to /home/katzchen/Documents/Taller/6DOF-3D-Printed-Robotic-Arm-ROS-2-Computer-Vision-Integration/ROS2_System/ros2_ws/install/robotic_arm_control/lib/python3.10/site-packages/robotic_arm_control-0.0.0-py3.10.egg-info
running install_scripts
Installing pubsub script to /home/katzchen/Documents/Taller/6DOF-3D-Printed-Robotic-Arm-ROS-2-Computer-Vision-Integration/ROS2_System/ros2_ws/install/robotic_arm_control/lib/robotic_arm_control
Installing sub script to /home/katzchen/Documents/Taller/6DOF-3D-Printed-Robotic-Arm-ROS-2-Computer-Vision-Integration/ROS2_System/ros2_ws/install/robotic_arm_control/lib/robotic_arm_control
writing list of installed files to '/home/katzchen/Documents/Taller/6DOF-3D-Printed-Robotic-Arm-ROS-2-Computer-Vision-Integration/ROS2_System/ros2_ws/build/robotic_arm_control/install.log'
